12:27:39.754 [main] INFO  org.testng.internal.Utils - [TestNG] Running:
  /Users/sudhanshukumar/Library/Caches/JetBrains/IdeaIC2024.2/temp-testng-customsuite.xml

12:29:24.390 [main] DEBUG org.testng.TestNG - suiteXmlPath: "/Users/sudhanshukumar/Library/Caches/JetBrains/IdeaIC2024.2/temp-testng-customsuite.xml"
12:29:24.474 [main] INFO  org.testng.internal.Utils - [TestNG] Running:
  /Users/sudhanshukumar/Library/Caches/JetBrains/IdeaIC2024.2/temp-testng-customsuite.xml

12:31:00.325 [main] DEBUG org.testng.TestNG - suiteXmlPath: "/Users/sudhanshukumar/Library/Caches/JetBrains/IdeaIC2024.2/temp-testng-customsuite.xml"
12:31:00.410 [main] INFO  org.testng.internal.Utils - [TestNG] Running:
  /Users/sudhanshukumar/Library/Caches/JetBrains/IdeaIC2024.2/temp-testng-customsuite.xml

12:52:07.006 [main] DEBUG org.testng.TestNG - suiteXmlPath: "/Users/sudhanshukumar/Library/Caches/JetBrains/IdeaIC2024.2/temp-testng-customsuite.xml"
12:52:07.093 [main] INFO  org.testng.internal.Utils - [TestNG] Running:
  /Users/sudhanshukumar/Library/Caches/JetBrains/IdeaIC2024.2/temp-testng-customsuite.xml

12:59:16.087 [main] DEBUG org.testng.TestNG - suiteXmlPath: "/Users/sudhanshukumar/BDDCucumberProjects/Instagram/master.xml"
12:59:16.162 [main] INFO  org.testng.internal.Utils - [Utils] MethodGroupsHelper.collectMethodsByGroup() took 0 ms.
12:59:16.162 [main] INFO  org.testng.internal.Utils - [Utils] MethodGroupsHelper.sortMethods() took 0 ms.
12:59:16.163 [main] INFO  org.testng.internal.Utils - [Utils] MethodGroupsHelper.collectMethodsByGroup() took 0 ms.
12:59:16.163 [main] INFO  org.testng.internal.Utils - [Utils] MethodGroupsHelper.sortMethods() took 0 ms.
12:59:16.163 [main] INFO  org.testng.internal.Utils - [Utils] MethodGroupsHelper.collectMethodsByGroup() took 0 ms.
12:59:16.164 [main] INFO  org.testng.internal.Utils - [Utils] MethodGroupsHelper.sortMethods() took 0 ms.
12:59:16.164 [main] INFO  org.testng.internal.Utils - [Utils] MethodGroupsHelper.collectMethodsByGroup() took 0 ms.
12:59:16.164 [main] INFO  org.testng.internal.Utils - [Utils] MethodGroupsHelper.sortMethods() took 0 ms.
12:59:16.165 [main] INFO  org.testng.internal.Utils - [Utils] MethodGroupsHelper.collectMethodsByGroup() took 0 ms.
12:59:16.168 [main] INFO  org.testng.internal.Utils - [Utils] MethodGroupsHelper.sortMethods() took 2 ms.
12:59:16.168 [main] INFO  org.testng.internal.Utils - [Utils] MethodGroupsHelper.collectMethodsByGroup() took 0 ms.
12:59:16.168 [main] INFO  org.testng.internal.Utils - [Utils] MethodGroupsHelper.sortMethods() took 0 ms.
12:59:16.169 [main] INFO  org.testng.internal.Utils - [Utils] MethodGroupsHelper.collectMethodsByGroup() took 0 ms.
12:59:16.169 [main] INFO  org.testng.internal.Utils - [Utils] MethodGroupsHelper.sortMethods() took 0 ms.
12:59:16.169 [main] INFO  org.testng.internal.Utils - [Utils] MethodGroupsHelper.collectMethodsByGroup() took 0 ms.
12:59:16.169 [main] INFO  org.testng.internal.Utils - [Utils] MethodGroupsHelper.sortMethods() took 0 ms.
12:59:16.170 [main] INFO  org.testng.internal.Utils - [Utils] MethodGroupsHelper.collectMethodsByGroup() took 0 ms.
12:59:16.170 [main] INFO  org.testng.internal.Utils - [Utils] MethodGroupsHelper.sortMethods() took 0 ms.
12:59:16.170 [main] INFO  org.testng.internal.Utils - [Utils] MethodGroupsHelper.collectMethodsByGroup() took 0 ms.
12:59:16.170 [main] INFO  org.testng.internal.Utils - [Utils] MethodGroupsHelper.sortMethods() took 0 ms.
12:59:16.171 [main] INFO  org.testng.internal.Utils - [Utils] MethodGroupsHelper.collectMethodsByGroup() took 0 ms.
12:59:16.171 [main] INFO  org.testng.internal.Utils - [Utils] MethodGroupsHelper.sortMethods() took 0 ms.
12:59:16.171 [main] INFO  org.testng.internal.Utils - [Utils] MethodGroupsHelper.collectMethodsByGroup() took 0 ms.
12:59:16.171 [main] INFO  org.testng.internal.Utils - [Utils] MethodGroupsHelper.sortMethods() took 0 ms.
12:59:16.175 [main] INFO  org.testng.internal.Utils - [Utils] MethodGroupsHelper.collectMethodsByGroup() took 3 ms.
12:59:16.175 [main] INFO  org.testng.internal.Utils - [Utils] MethodGroupsHelper.sortMethods() took 0 ms.
12:59:16.175 [main] INFO  org.testng.internal.Utils - [Utils] MethodGroupsHelper.collectMethodsByGroup() took 0 ms.
12:59:16.175 [main] INFO  org.testng.internal.Utils - [Utils] MethodGroupsHelper.sortMethods() took 0 ms.
12:59:16.175 [main] INFO  org.testng.internal.Utils - [Utils] MethodGroupsHelper.collectMethodsByGroup() took 0 ms.
12:59:16.175 [main] INFO  org.testng.internal.Utils - [Utils] MethodGroupsHelper.sortMethods() took 0 ms.
12:59:16.177 [main] INFO  org.testng.internal.Utils - [TestNG] Running:
  /Users/sudhanshukumar/BDDCucumberProjects/Instagram/master.xml

12:59:16.180 [main] INFO  org.testng.internal.Utils - [Utils] DynamicGraphHelper.createDynamicGraph() took 0 ms.
12:59:16.183 [main] INFO  org.testng.internal.Utils - [TestTaskExecutor] Starting executor test 2147483647 with time out: 2147483647 milliseconds.
12:59:59.899 [main] INFO  org.testng.internal.Utils - [TestNG] Time taken by org.testng.internal.ExitCodeListener@235a0c16: 0 ms
